{
  "RSpec": {
    "coverage": {
      "/Users/igormagalhaes/Desktop/turing/3mod/projects/market_money/app/facade/atm_facade.rb": {
        "lines": [
          1,
          1,
          null,
          1,
          3,
          3,
          3,
          3,
          null,
          null,
          1,
          2,
          2,
          12,
          null,
          null,
          null
        ]
      },
      "/Users/igormagalhaes/Desktop/turing/3mod/projects/market_money/spec/models/market_spec.rb": {
        "lines": [
          1,
          null,
          1,
          1,
          2,
          2,
          null,
          null,
          1,
          1,
          1,
          1,
          null,
          1,
          5,
          null,
          null,
          1,
          null,
          null,
          null,
          1,
          1,
          1,
          1,
          null,
          1,
          null,
          null,
          1,
          1,
          1,
          null,
          1,
          1,
          null,
          null,
          1,
          1,
          1,
          null,
          1,
          null,
          null,
          1,
          1,
          1,
          null,
          1,
          null,
          null,
          1,
          1,
          1,
          1,
          null,
          1,
          1,
          null,
          null,
          null
        ]
      },
      "/Users/igormagalhaes/Desktop/turing/3mod/projects/market_money/app/models/market.rb": {
        "lines": [
          1,
          1,
          1,
          null,
          1,
          20,
          null,
          null,
          1,
          2,
          null,
          null,
          null,
          1,
          3,
          null,
          null,
          null,
          1,
          2,
          null,
          null,
          null,
          1,
          2,
          null,
          null,
          1,
          3,
          null,
          null,
          null
        ]
      },
      "/Users/igormagalhaes/Desktop/turing/3mod/projects/market_money/app/models/application_record.rb": {
        "lines": [
          1,
          1,
          null
        ]
      },
      "/Users/igormagalhaes/Desktop/turing/3mod/projects/market_money/spec/models/market_vendor_spec.rb": {
        "lines": [
          1,
          null,
          1,
          2,
          2,
          null
        ]
      },
      "/Users/igormagalhaes/Desktop/turing/3mod/projects/market_money/app/models/market_vendor.rb": {
        "lines": [
          1,
          1,
          1,
          1,
          null,
          1,
          15,
          15,
          null,
          null
        ]
      },
      "/Users/igormagalhaes/Desktop/turing/3mod/projects/market_money/spec/models/vendor_spec.rb": {
        "lines": [
          1,
          null,
          1,
          1,
          2,
          2,
          null,
          null,
          1,
          2,
          2,
          2,
          2,
          2,
          null,
          null
        ]
      },
      "/Users/igormagalhaes/Desktop/turing/3mod/projects/market_money/app/models/vendor.rb": {
        "lines": [
          1,
          1,
          1,
          null,
          1,
          1,
          1,
          1,
          1,
          null
        ]
      },
      "/Users/igormagalhaes/Desktop/turing/3mod/projects/market_money/spec/poro/atm_spec.rb": {
        "lines": [
          null,
          1,
          null,
          1,
          1,
          null,
          1,
          null,
          null,
          null,
          null,
          null,
          null,
          null,
          null,
          null,
          null,
          null,
          null,
          1,
          null,
          1,
          1,
          1,
          1,
          1,
          1,
          1,
          null,
          null
        ]
      },
      "/Users/igormagalhaes/Desktop/turing/3mod/projects/market_money/app/poros/atm.rb": {
        "lines": [
          1,
          1,
          null,
          1,
          11,
          11,
          11,
          11,
          11,
          11,
          null,
          null
        ]
      },
      "/Users/igormagalhaes/Desktop/turing/3mod/projects/market_money/spec/requests/api/v0/atm_request_spec.rb": {
        "lines": [
          1,
          null,
          1,
          1,
          1,
          null,
          null,
          null,
          null,
          null,
          null,
          null,
          null,
          null,
          null,
          1,
          null,
          1,
          1,
          null,
          1,
          null,
          1,
          1,
          null,
          1,
          null,
          1,
          1,
          null,
          1,
          1,
          null,
          1,
          1,
          null,
          1,
          1,
          null,
          1,
          1,
          null,
          null,
          1,
          1,
          null,
          1,
          null,
          null,
          1,
          null,
          null,
          1,
          null,
          null,
          1,
          1,
          1,
          1,
          null,
          null
        ]
      },
      "/Users/igormagalhaes/Desktop/turing/3mod/projects/market_money/spec/requests/api/v0/market_request_spec.rb": {
        "lines": [
          1,
          null,
          1,
          1,
          1,
          null,
          1,
          null,
          1,
          null,
          1,
          null,
          1,
          null,
          1,
          5,
          5,
          null,
          5,
          5,
          null,
          5,
          null,
          5,
          5,
          null,
          5,
          5,
          null,
          5,
          5,
          null,
          5,
          5,
          null,
          5,
          5,
          null,
          5,
          5,
          null,
          5,
          5,
          null,
          5,
          5,
          null,
          null,
          null,
          1,
          1,
          null,
          1,
          null,
          1,
          null,
          1,
          null,
          1,
          null,
          1,
          1,
          null,
          1,
          1,
          null,
          1,
          1,
          null,
          1,
          1,
          null,
          1,
          1,
          null,
          1,
          1,
          null,
          1,
          1,
          null,
          1,
          1,
          null,
          1,
          1,
          null,
          1,
          1,
          null,
          1,
          1,
          null,
          1,
          1,
          null,
          null,
          1,
          1,
          null,
          1,
          1,
          null,
          1,
          null,
          1,
          1,
          null,
          null,
          1,
          1,
          1,
          1,
          null,
          1,
          1,
          null,
          1,
          null,
          1,
          null,
          1,
          null,
          1,
          null,
          1,
          1,
          null,
          1,
          1,
          null,
          1,
          1,
          null,
          1,
          1,
          null,
          1,
          1,
          null,
          1,
          1,
          null,
          1,
          1,
          null,
          1,
          1,
          null,
          null,
          1,
          1,
          null,
          1,
          1,
          null,
          1,
          null,
          1,
          1,
          null,
          null
        ]
      },
      "/Users/igormagalhaes/Desktop/turing/3mod/projects/market_money/spec/requests/api/v0/market_vendor_request_spec.rb": {
        "lines": [
          1,
          null,
          1,
          1,
          1,
          1,
          null,
          1,
          null,
          1,
          null,
          1,
          null,
          1,
          1,
          null,
          null,
          1,
          1,
          1,
          1,
          null,
          1,
          null,
          1,
          1,
          1,
          1,
          1,
          null,
          null,
          1,
          1,
          1,
          null,
          1,
          null,
          1,
          1,
          1,
          1,
          1,
          null,
          null,
          1,
          1,
          1,
          1,
          null,
          1,
          null,
          1,
          null,
          1,
          1,
          1,
          1,
          1,
          null,
          null,
          null,
          1,
          1,
          1,
          1,
          null,
          1,
          null,
          null,
          null,
          1,
          1,
          null,
          null,
          null,
          1,
          1,
          1,
          1,
          1,
          null,
          1,
          null,
          null,
          null,
          1,
          1,
          null,
          null,
          1,
          1,
          1,
          1,
          null,
          1,
          null,
          null,
          null,
          1,
          1,
          null,
          null,
          null
        ]
      },
      "/Users/igormagalhaes/Desktop/turing/3mod/projects/market_money/spec/requests/api/v0/search_request_spec.rb": {
        "lines": [
          1,
          null,
          1,
          1,
          1,
          1,
          1,
          null,
          null,
          1,
          null,
          null,
          1,
          1,
          null,
          1,
          null,
          1,
          1,
          1,
          1,
          null,
          null,
          1,
          1,
          1,
          null,
          1,
          null,
          null,
          1,
          1,
          null,
          1,
          null,
          1,
          1,
          1,
          1,
          1,
          1,
          null,
          null,
          1,
          1,
          1,
          null,
          1,
          null,
          null,
          1,
          1,
          null,
          1,
          1,
          null,
          1,
          1,
          null,
          1,
          1,
          null,
          1,
          1,
          null,
          1,
          1,
          null,
          1,
          1,
          null,
          1,
          1,
          null,
          1,
          1,
          null,
          null,
          1,
          1,
          1,
          null,
          1,
          null,
          null,
          1,
          1,
          null,
          1,
          1,
          null,
          1,
          1,
          null,
          1,
          1,
          null,
          1,
          1,
          null,
          1,
          1,
          null,
          1,
          1,
          null,
          1,
          1,
          null,
          1,
          1,
          null,
          null,
          1,
          1,
          1,
          null,
          1,
          null,
          null,
          1,
          1,
          null,
          1,
          1,
          null,
          1,
          1,
          null,
          1,
          1,
          null,
          1,
          1,
          null,
          1,
          1,
          null,
          1,
          1,
          null,
          1,
          1,
          null,
          1,
          1,
          null,
          null,
          1,
          1,
          1,
          1,
          null,
          1,
          null,
          null,
          1,
          1,
          null,
          1,
          null,
          1,
          1,
          null,
          null,
          1,
          1,
          1,
          null,
          1,
          null,
          null,
          1,
          1,
          null,
          1,
          null,
          1,
          1,
          null,
          null,
          null
        ]
      },
      "/Users/igormagalhaes/Desktop/turing/3mod/projects/market_money/spec/requests/api/v0/vendor_request_spec.rb": {
        "lines": [
          1,
          null,
          1,
          1,
          1,
          null,
          1,
          null,
          1,
          null,
          1,
          1,
          null,
          1,
          1,
          null,
          1,
          1,
          null,
          1,
          1,
          null,
          1,
          1,
          null,
          1,
          1,
          null,
          1,
          1,
          null,
          1,
          1,
          null,
          1,
          1,
          null,
          null,
          null,
          1,
          1,
          null,
          1,
          1,
          null,
          1,
          null,
          1,
          1,
          null,
          null,
          null,
          1,
          1,
          null,
          1,
          null,
          null,
          null,
          null,
          null,
          1,
          null,
          1,
          null,
          1,
          null,
          1,
          1,
          1,
          1,
          1,
          1,
          1,
          null,
          null,
          1,
          null,
          1,
          null,
          null,
          null,
          null,
          1,
          null,
          1,
          null,
          1,
          1,
          null,
          1,
          null,
          1,
          1,
          null,
          null,
          null,
          1,
          1,
          1,
          1,
          1,
          1,
          null,
          1,
          null,
          1,
          null,
          1,
          1,
          1,
          null,
          null,
          1,
          1,
          1,
          1,
          1,
          null,
          1,
          1,
          null,
          1,
          1,
          1,
          1,
          null,
          null,
          1,
          1,
          1,
          1,
          1,
          null,
          1,
          null,
          1,
          null,
          1,
          1,
          1,
          1,
          null,
          null,
          null,
          1,
          1,
          1,
          null,
          1,
          null,
          1,
          null,
          1,
          1,
          1,
          null,
          null,
          1,
          1,
          null,
          1,
          1,
          null,
          1,
          null,
          1,
          null,
          null
        ]
      },
      "/Users/igormagalhaes/Desktop/turing/3mod/projects/market_money/spec/services/atm_service_spec.rb": {
        "lines": [
          1,
          null,
          1,
          1,
          1,
          null,
          1,
          1,
          null,
          1,
          null,
          1,
          1,
          null,
          1,
          1,
          null,
          1,
          1,
          null,
          1,
          1,
          null,
          1,
          1,
          null,
          null,
          1,
          1,
          null,
          1,
          1,
          1,
          null,
          null,
          null
        ]
      },
      "/Users/igormagalhaes/Desktop/turing/3mod/projects/market_money/app/services/atm_service.rb": {
        "lines": [
          1,
          1,
          3,
          3,
          null,
          null,
          null,
          1,
          3,
          3,
          null,
          null,
          1,
          3,
          null,
          null
        ]
      },
      "/Users/igormagalhaes/Desktop/turing/3mod/projects/market_money/app/controllers/api/v0/nearest_atms_controller.rb": {
        "lines": [
          1,
          1,
          2,
          1,
          1,
          1,
          null,
          null
        ]
      },
      "/Users/igormagalhaes/Desktop/turing/3mod/projects/market_money/app/controllers/application_controller.rb": {
        "lines": [
          1,
          1,
          1,
          null,
          1,
          null,
          1,
          6,
          null,
          null,
          null,
          1,
          1,
          null,
          null,
          null,
          null,
          null
        ]
      },
      "/Users/igormagalhaes/Desktop/turing/3mod/projects/market_money/app/serializers/atm_serializer.rb": {
        "lines": [
          1,
          1,
          1,
          null
        ]
      },
      "/Users/igormagalhaes/Desktop/turing/3mod/projects/market_money/app/serializers/error_serializer.rb": {
        "lines": [
          1,
          1,
          15,
          null,
          null,
          1,
          null,
          13,
          null,
          null,
          null,
          null,
          null,
          null,
          null,
          1,
          null,
          2,
          null,
          null,
          null,
          null,
          null,
          null,
          null
        ]
      },
      "/Users/igormagalhaes/Desktop/turing/3mod/projects/market_money/app/poros/error_message.rb": {
        "lines": [
          1,
          1,
          null,
          1,
          15,
          15,
          null,
          null,
          1,
          2,
          1,
          1,
          1,
          null,
          null,
          null
        ]
      },
      "/Users/igormagalhaes/Desktop/turing/3mod/projects/market_money/app/controllers/api/v0/markets_controller.rb": {
        "lines": [
          1,
          1,
          1,
          1,
          null,
          null,
          1,
          2,
          1,
          null,
          null
        ]
      },
      "/Users/igormagalhaes/Desktop/turing/3mod/projects/market_money/app/serializers/market_serializer.rb": {
        "lines": [
          1,
          1,
          1,
          null,
          1,
          null
        ]
      },
      "/Users/igormagalhaes/Desktop/turing/3mod/projects/market_money/app/serializers/vendor_serializer.rb": {
        "lines": [
          1,
          1,
          1,
          null
        ]
      },
      "/Users/igormagalhaes/Desktop/turing/3mod/projects/market_money/app/controllers/api/v0/vendors_controller.rb": {
        "lines": [
          1,
          1,
          2,
          1,
          1,
          null,
          null,
          1,
          2,
          1,
          null,
          null,
          1,
          null,
          2,
          1,
          1,
          1,
          null,
          null,
          null,
          1,
          3,
          2,
          1,
          null,
          null,
          1,
          2,
          1,
          1,
          null,
          null,
          1,
          null,
          1,
          4,
          null,
          null
        ]
      },
      "/Users/igormagalhaes/Desktop/turing/3mod/projects/market_money/app/controllers/api/v0/market_vendors_controller.rb": {
        "lines": [
          1,
          1,
          1,
          null,
          1,
          2,
          null,
          2,
          1,
          null,
          1,
          null,
          null,
          null,
          1,
          1,
          1,
          null,
          null,
          1,
          null,
          1,
          4,
          3,
          null,
          null,
          1,
          2,
          null,
          null,
          null,
          1,
          1,
          1,
          null,
          null,
          null,
          1,
          3,
          3,
          null,
          3,
          2,
          2,
          null,
          null,
          null,
          null,
          1,
          1,
          null,
          null
        ]
      },
      "/Users/igormagalhaes/Desktop/turing/3mod/projects/market_money/app/controllers/api/v0/searchs_controller.rb": {
        "lines": [
          1,
          1,
          7,
          1,
          1,
          6,
          1,
          1,
          5,
          1,
          1,
          4,
          1,
          3,
          1,
          1,
          2,
          1,
          1,
          1,
          1,
          null,
          null,
          null,
          1,
          1,
          2,
          2,
          null,
          null,
          1,
          5,
          null,
          null
        ]
      }
    },
    "timestamp": 1711729468
  }
}
